<?xml version="1.0" encoding="UTF-8"?>
<!-- Generated by org.testng.reporters.JUnitXMLReporter -->
<testsuite ignored="0" hostname="Kanade" failures="1" tests="1" name="Test" time="14.963" errors="0" timestamp="2023-06-06T12:14:19 IST">
  <testcase classname="com.actitime.testscript.CustomerModule" name="testCreateCustomer" time="7.695">
    <failure type="java.lang.AssertionError" message="expected [Sagar40.611215355536283] but found [Sagar]">
      <![CDATA[java.lang.AssertionError: expected [Sagar40.611215355536283] but found [Sagar]
at com.actitime.testscript.CustomerModule.testCreateCustomer(CustomerModule.java:51)
at java.base/java.util.ArrayList.forEach(ArrayList.java:1511)
... Removed 31 stack frames]]>
    </failure>
  </testcase> <!-- testCreateCustomer -->
</testsuite> <!-- Test -->
